<?xml version="1.0" encoding="utf-8"?><testsuites name="pytest tests"><testsuite name="pytest" errors="0" failures="1" skipped="0" tests="9" time="5.098" timestamp="2026-07-02T20:25:11.452360+00:00" hostname="agent-env-6c1dd90e-1c51-4ca9-a27d-3aca7bbe6da2"><testcase classname="tests.backend_test_iter6" name="test_search_indian_ticker[reliance-RELIANCE]" time="0.367" /><testcase classname="tests.backend_test_iter6" name="test_search_indian_ticker[tcs-TCS]" time="0.070" /><testcase classname="tests.backend_test_iter6" name="test_search_indian_ticker[infy-INFY]" time="0.071"><failure message="AssertionError: expected IN exchange, got: {'ticker': 'INFY', 'name': 'Infosys Ltd', 'exchange': 'US', 'has_filings': False}&#10;assert 'US' == 'IN'&#10;  &#10;  - IN&#10;  + US">backend/tests/backend_test_iter6.py:36: in test_search_indian_ticker
    assert top.get("exchange") == "IN", f"expected IN exchange, got: {top}"
E   AssertionError: expected IN exchange, got: {'ticker': 'INFY', 'name': 'Infosys Ltd', 'exchange': 'US', 'has_filings': False}
E   assert 'US' == 'IN'
E     
E     - IN
E     + US</failure></testcase><testcase classname="tests.backend_test_iter6" name="test_search_us_still_works" time="0.074" /><testcase classname="tests.backend_test_iter6" name="test_ensure_indian_returns_422" time="0.066" /><testcase classname="tests.backend_test_iter6" name="test_ensure_tsla_refresh_returns_filing_date" time="0.757" /><testcase classname="tests.backend_test_iter6" name="test_company_index_size" time="0.070" /><testcase classname="tests.backend_test_iter6" name="test_generate_with_context_report_id" time="1.413" /><testcase classname="tests.backend_test_iter6" name="test_generate_without_context_still_works" time="0.141" /></testsuite></testsuites>