<?xml version="1.0" encoding="utf-8"?><testsuites name="pytest tests"><testsuite name="pytest" errors="0" failures="0" skipped="0" tests="7" time="2.278" timestamp="2026-07-02T19:31:32.774168+00:00" hostname="agent-env-6c1dd90e-1c51-4ca9-a27d-3aca7bbe6da2"><testcase classname="tests.backend_test_iter4" name="test_search_apple" time="0.400" /><testcase classname="tests.backend_test_iter4" name="test_search_empty_query" time="0.081" /><testcase classname="tests.backend_test_iter4" name="test_search_tsla" time="0.098" /><testcase classname="tests.backend_test_iter4" name="test_ensure_already_ingested_aapl" time="0.241" /><testcase classname="tests.backend_test_iter4" name="test_ensure_invalid_ticker" time="0.317" /><testcase classname="tests.backend_test_iter4" name="test_ensure_new_or_404" time="0.452" /><testcase classname="tests.backend_test_iter4" name="test_health_retrieval_ready" time="0.086" /></testsuite></testsuites>