<?xml version="1.0" encoding="utf-8"?><testsuites name="pytest tests"><testsuite name="pytest" errors="0" failures="0" skipped="0" tests="9" time="23.610" timestamp="2026-07-02T19:14:37.546640+00:00" hostname="agent-env-6c1dd90e-1c51-4ca9-a27d-3aca7bbe6da2"><testcase classname="tests.backend_test_iter3" name="test_ensure_samples" time="0.276" /><testcase classname="tests.backend_test_iter3" name="test_companies_returns_mapping" time="0.079" /><testcase classname="tests.backend_test_iter3" name="test_ingest_text_persists_company_name" time="0.153" /><testcase classname="tests.backend_test_iter3" name="test_audio_rejects_bad_extension" time="0.084" /><testcase classname="tests.backend_test_iter3" name="test_audio_rejects_empty" time="0.075" /><testcase classname="tests.backend_test_iter3" name="test_audio_rejects_oversized" time="1.599" /><testcase classname="tests.backend_test_iter3" name="test_audio_transcribe_endpoint_reachable" time="0.713" /><testcase classname="tests.backend_test_iter3" name="test_warmup_retrieval_ready" time="0.075" /><testcase classname="tests.backend_test_iter3" name="test_generate_report_has_company_name" time="20.527" /></testsuite></testsuites>