<?xml version="1.0" encoding="utf-8"?><testsuites name="pytest tests"><testsuite name="pytest" errors="0" failures="0" skipped="0" tests="12" time="31.255" timestamp="2026-07-02T18:50:24.794572+00:00" hostname="agent-env-6c1dd90e-1c51-4ca9-a27d-3aca7bbe6da2"><testcase classname="tests.backend_test_iter2" name="test_health_has_retrieval" time="0.343" /><testcase classname="tests.backend_test_iter2" name="test_ensure_samples" time="0.072" /><testcase classname="tests.backend_test_iter2" name="test_jobs_collection_has_entry" time="1.078" /><testcase classname="tests.backend_test_iter2" name="test_pipeline_completes_with_hybrid_retriever" time="27.882" /><testcase classname="tests.backend_test_iter2" name="test_health_retrieval_ready_after_pipeline" time="0.191" /><testcase classname="tests.backend_test_iter2" name="test_jobs_completed" time="0.001" /><testcase classname="tests.backend_test_iter2" name="test_get_report_has_scorecard" time="0.064" /><testcase classname="tests.backend_test_iter2" name="test_rescore_reports" time="0.069" /><testcase classname="tests.backend_test_iter2" name="test_compare_ok" time="0.138" /><testcase classname="tests.backend_test_iter2" name="test_compare_one_valid_returns_422_or_404" time="0.063" /><testcase classname="tests.backend_test_iter2" name="test_compare_one_valid_one_invalid_returns_404" time="0.063" /><testcase classname="tests.backend_test_iter2" name="test_compare_five_ids_returns_422" time="0.059" /></testsuite></testsuites>