<?xml version="1.0" encoding="utf-8"?><testsuites name="pytest tests"><testsuite name="pytest" errors="0" failures="0" skipped="0" tests="10" time="20.259" timestamp="2026-07-02T18:31:34.047130+00:00" hostname="agent-env-6c1dd90e-1c51-4ca9-a27d-3aca7bbe6da2"><testcase classname="tests.backend_test" name="test_health" time="0.226" /><testcase classname="tests.backend_test" name="test_ingest_samples" time="0.052" /><testcase classname="tests.backend_test" name="test_tickers" time="0.062" /><testcase classname="tests.backend_test" name="test_filings" time="0.052" /><testcase classname="tests.backend_test" name="test_ingest_text_empty_400" time="0.049" /><testcase classname="tests.backend_test" name="test_ingest_text_ok" time="0.047" /><testcase classname="tests.backend_test" name="test_generate_no_data_400" time="0.048" /><testcase classname="tests.backend_test" name="test_sse_stream" time="18.402" /><testcase classname="tests.backend_test" name="test_get_report" time="0.205" /><testcase classname="tests.backend_test" name="test_list_reports_contains_job" time="0.050" /></testsuite></testsuites>