<?xml version="1.0" encoding="utf-8"?><testsuites name="pytest tests"><testsuite name="pytest" errors="0" failures="0" skipped="1" tests="6" time="1.698" timestamp="2026-07-02T20:02:29.267329+00:00" hostname="agent-env-6c1dd90e-1c51-4ca9-a27d-3aca7bbe6da2"><testcase classname="tests.backend_test_iter5" name="test_trending_default" time="0.334" /><testcase classname="tests.backend_test_iter5" name="test_trending_padded_to_limit" time="0.066" /><testcase classname="tests.backend_test_iter5" name="test_trending_limit_param" time="0.067" /><testcase classname="tests.backend_test_iter5" name="test_delete_nonexistent_returns_404" time="0.068" /><testcase classname="tests.backend_test_iter5" name="test_delete_report_and_verify_removal" time="0.230" /><testcase classname="tests.backend_test_iter5" name="test_nvda_report_contains_financials_guidance" time="0.333"><skipped type="pytest.skip" message="No NVDA report with guidance field">/app/backend/tests/backend_test_iter5.py:96: No NVDA report with guidance field</skipped></testcase></testsuite></testsuites>